<?xml version="1.0" encoding="UTF-8"?>
<!-- Generated by org.testng.reporters.JUnitXMLReporter -->
<testsuite hostname="Harpreets-MacBook-Pro.local" ignored="0" name="Default test" tests="3" failures="0" timestamp="2020-08-13T19:21:00 EDT" time="11.384" errors="0">
  <testcase name="HomePageNavigation" time="5.373" classname="maven.E2E.testClass"/>
  <testcase name="HomePageNavigation" time="2.095" classname="maven.E2E.testClass"/>
  <testcase name="HomePageNavigation" time="1.982" classname="maven.E2E.testClass"/>
</testsuite> <!-- Default test -->
