<?xml version="1.0" encoding="UTF-8"?>
<!-- Generated by org.testng.reporters.JUnitXMLReporter -->
<testsuite hostname="Harpreets-MacBook-Pro.local" ignored="0" name="e2e test" tests="3" failures="0" timestamp="2020-08-13T19:25:55 EDT" time="15.5" errors="0">
  <testcase name="HomePageNavigation" time="8.401" classname="maven.E2E.testClass"/>
  <testcase name="HomePageNavigation" time="2.47" classname="maven.E2E.testClass"/>
  <testcase name="HomePageNavigation" time="1.984" classname="maven.E2E.testClass"/>
</testsuite> <!-- e2e test -->
