<?xml version="1.0" encoding="UTF-8"?>
<!-- Generated by org.testng.reporters.JUnitXMLReporter -->
<testsuite hostname="Harpreets-MacBook-Pro.local" ignored="0" name="Test" tests="6" failures="0" timestamp="2020-08-11T12:50:26 EDT" time="21.151" errors="0">
  <testcase name="shouldAnswerWithTrue" time="0.014" classname="maven.E2E.AppTest"/>
  <testcase name="HomePageNavigation" time="4.862" classname="maven.E2E.testClass"/>
  <testcase name="HomePageNavigation" time="2.437" classname="maven.E2E.testClass"/>
  <testcase name="HomePageNavigation" time="2.17" classname="maven.E2E.testClass"/>
  <testcase name="testClassE2E" time="0.082" classname="maven.E2E.Validation1"/>
  <testcase name="testClassE2E" time="0.041" classname="maven.E2E.Validation2"/>
</testsuite> <!-- Test -->
