<?xml version="1.0" encoding="UTF-8"?>
<testng-results skipped="0" failed="0" ignored="0" total="1" passed="1">
  <reporter-output>
  </reporter-output>
  <suite name="Suite" duration-ms="16332" started-at="2020-08-19T22:37:40 EDT" finished-at="2020-08-19T22:37:56 EDT">
    <groups>
      <group name="cucumber">
        <method signature="AbstractTestNGCucumberTests.feature(cucumber.api.testng.CucumberFeatureWrapper)[pri:0, instance:TestRunner.TestRunnerClass@2b6faea6]" name="feature" class="cucumber.api.testng.AbstractTestNGCucumberTests"/>
      </group> <!-- cucumber -->
    </groups>
    <test name="e2e test" duration-ms="16332" started-at="2020-08-19T22:37:40 EDT" finished-at="2020-08-19T22:37:56 EDT">
      <class name="TestRunner.TestRunnerClass">
        <test-method status="PASS" signature="setUpClass()[pri:0, instance:TestRunner.TestRunnerClass@2b6faea6]" name="setUpClass" is-config="true" duration-ms="204" started-at="2020-08-19T22:37:40 EDT" finished-at="2020-08-19T22:37:40 EDT">
          <reporter-output>
          </reporter-output>
        </test-method> <!-- setUpClass -->
        <test-method status="PASS" signature="feature(cucumber.api.testng.CucumberFeatureWrapper)[pri:0, instance:TestRunner.TestRunnerClass@2b6faea6]" name="feature" duration-ms="16029" started-at="2020-08-19T22:37:40 EDT" description="Runs Cucumber Feature" data-provider="features" finished-at="2020-08-19T22:37:56 EDT">
          <params>
            <param index="0">
              <value>
                <![CDATA[Application Login]]>
              </value>
            </param>
          </params>
          <reporter-output>
          </reporter-output>
        </test-method> <!-- feature -->
        <test-method status="PASS" signature="tearDownClass()[pri:0, instance:TestRunner.TestRunnerClass@2b6faea6]" name="tearDownClass" is-config="true" duration-ms="4" started-at="2020-08-19T22:37:56 EDT" finished-at="2020-08-19T22:37:56 EDT">
          <reporter-output>
          </reporter-output>
        </test-method> <!-- tearDownClass -->
      </class> <!-- TestRunner.TestRunnerClass -->
    </test> <!-- e2e test -->
  </suite> <!-- Suite -->
</testng-results>
